[debug] [2019-11-25T20:30:59.632Z] ----------------------------------------------------------------------
[debug] [2019-11-25T20:30:59.634Z] Command:       /usr/local/Cellar/node/12.12.0/bin/node /usr/local/bin/firebase serve
[debug] [2019-11-25T20:30:59.634Z] CLI Version:   7.3.1
[debug] [2019-11-25T20:30:59.634Z] Platform:      darwin
[debug] [2019-11-25T20:30:59.634Z] Node Version:  v12.12.0
[debug] [2019-11-25T20:30:59.644Z] Time:          Mon Nov 25 2019 12:30:59 GMT-0800 (Pacific Standard Time)
[debug] [2019-11-25T20:30:59.644Z] ----------------------------------------------------------------------
[debug] 
[debug] [2019-11-25T20:30:59.654Z] > command requires scopes: ["email","openid","https://www.googleapis.com/auth/cloudplatformprojects.readonly","https://www.googleapis.com/auth/firebase","https://www.googleapis.com/auth/cloud-platform"]
[debug] [2019-11-25T20:30:59.654Z] > authorizing via signed-in user
[debug] [2019-11-25T20:30:59.654Z] [iam] checking project notes-app-c0183 for permissions ["firebase.projects.get"]
[debug] [2019-11-25T20:30:59.656Z] >>> HTTP REQUEST POST https://cloudresourcemanager.googleapis.com/v1/projects/notes-app-c0183:testIamPermissions  

[debug] [2019-11-25T20:31:00.083Z] <<< HTTP RESPONSE 200
[debug] [2019-11-25T20:31:00.085Z] >>> HTTP REQUEST GET https://firebase.googleapis.com/v1beta1/projects/notes-app-c0183  
 
[debug] [2019-11-25T20:31:00.241Z] <<< HTTP RESPONSE 200
[info] 
[info] === Serving from '/Users/olvinbolanos/Desktop/sei-autumn-sweaters/8_29_2019/ice-cream-shops'...
[info] 
[debug] [2019-11-25T20:31:00.247Z] >>> HTTP REQUEST GET https://firebase.googleapis.com/v1beta1/projects/notes-app-c0183/webApps/-/config  
 
[warn] ⚠  Your requested "node" version "8" doesn't match your global version "12"
[info] ✔  functions: Emulator started at http://localhost:5001
[debug] [2019-11-25T20:31:00.693Z] <<< HTTP RESPONSE 200
[info] i  functions: Watching "/Users/olvinbolanos/Desktop/sei-autumn-sweaters/8_29_2019/ice-cream-shops/functions" for Cloud Functions...
[info] i  hosting: Serving hosting files from: build
[info] ✔  hosting: Local server: http://localhost:5000
[debug] [2019-11-25T20:31:00.897Z] [runtime-status] Functions runtime initialized. {"cwd":"/Users/olvinbolanos/Desktop/sei-autumn-sweaters/8_29_2019/ice-cream-shops/functions","node_version":"12.12.0"}
[debug] [2019-11-25T20:31:00.897Z] [runtime-status] Disabled runtime features: {"functions_config_helper":true,"network_filtering":true,"timeout":true,"memory_limiting":true,"admin_stubs":true} {}
[debug] [2019-11-25T20:31:00.904Z] [runtime-status] Resolved module firebase-admin {"declared":true,"installed":true,"version":"8.5.0","resolution":"/Users/olvinbolanos/Desktop/sei-autumn-sweaters/8_29_2019/ice-cream-shops/functions/node_modules/firebase-admin/lib/index.js"}
[debug] [2019-11-25T20:31:00.907Z] [runtime-status] Resolved module firebase-functions {"declared":true,"installed":true,"version":"3.2.0","resolution":"/Users/olvinbolanos/Desktop/sei-autumn-sweaters/8_29_2019/ice-cream-shops/functions/node_modules/firebase-functions/lib/index.js"}
[debug] [2019-11-25T20:31:00.908Z] [runtime-status] Resolved module firebase-functions {"declared":true,"installed":true,"version":"3.2.0","resolution":"/Users/olvinbolanos/Desktop/sei-autumn-sweaters/8_29_2019/ice-cream-shops/functions/node_modules/firebase-functions/lib/index.js"}
